Testing 1/2 : Teste 1
Testing 2/2 : Teste 2

<|--
-Failed tests
Test 1: Teste 1
Test 2: Teste 2
--|>

<|--
-Test 1: Teste 1 (-10.000)
Incorrect program result
 --- Input ---
> 3
>10
>2
>3
>2
>7
>2
>4
>5
>11

 --- Program output ---
>digite o nÃºmero de elementos das linhas e colunas:digite o elemento:digite o elemento:digite o elemento:digite o elemento:digite o elemento:digite o elemento:digite o elemento:digite o elemento:digite o elemento:Traceback (most recent call last):
>  File "diagonaldominante.py", line 24, in <module>
>    x=diagonal(matriz)
>  File "diagonaldominante.py", line 8, in diagonal
>    for j in range(0,ashape[1],1):
>NameError: name 'ashape' is not defined

 --- Expected output (text)---
> 'SIM'

-Test 2: Teste 2 (-10.000)
Incorrect program result
 --- Input ---
> 3
>5
>2
>3
>2
>3
>2
>4
>5
>8

 --- Program output ---
>digite o nÃºmero de elementos das linhas e colunas:digite o elemento:digite o elemento:digite o elemento:digite o elemento:digite o elemento:digite o elemento:digite o elemento:digite o elemento:digite o elemento:Traceback (most recent call last):
>  File "diagonaldominante.py", line 24, in <module>
>    x=diagonal(matriz)
>  File "diagonaldominante.py", line 8, in diagonal
>    for j in range(0,ashape[1],1):
>NameError: name 'ashape' is not defined

 --- Expected output (text)---
> 'NAO'

--|>

<|--
-Summary of tests
>+------------------------------+
>|  2 tests run/ 0 tests passed |
>+------------------------------+

--|>

Grade :=>> 0
