s:1727:"<b>Failed tests</b><br />Test 1: Teste 1
<br />Test 2: Teste 2
<br />Test 3: Teste 3
<br />Test 4: Teste 4
<br /><b>Test 1: Teste 1 </b><br />Incorrect program result
<br /> --- Input ---
<br /><pre><i> 10000
</i></pre>
<br /> --- Program output ---
<br /><pre><i>n:Traceback (most recent call last):
  File "atividade.py", line 6, in &lt;module&gt;
    p=o
NameError: name 'o' is not defined
</i></pre>
<br /> --- Expected output (text)---
<br /><pre><i> '5'
</i></pre>
<br /><b>Test 2: Teste 2 </b><br />Incorrect program result
<br /> --- Input ---
<br /><pre><i> 1008956
</i></pre>
<br /> --- Program output ---
<br /><pre><i>n:Traceback (most recent call last):
  File "atividade.py", line 6, in &lt;module&gt;
    p=o
NameError: name 'o' is not defined
</i></pre>
<br /> --- Expected output (text)---
<br /><pre><i> '7'
</i></pre>
<br /><b>Test 3: Teste 3 </b><br />Incorrect program result
<br /> --- Input ---
<br /><pre><i> 100.56
</i></pre>
<br /> --- Program output ---
<br /><pre><i>n:Traceback (most recent call last):
  File "atividade.py", line 6, in &lt;module&gt;
    p=o
NameError: name 'o' is not defined
</i></pre>
<br /> --- Expected output (text)---
<br /><pre><i> '3'
</i></pre>
<br /><b>Test 4: Teste 4 </b><br />Incorrect program result
<br /> --- Input ---
<br /><pre><i> 1
</i></pre>
<br /> --- Program output ---
<br /><pre><i>n:Traceback (most recent call last):
  File "atividade.py", line 6, in &lt;module&gt;
    p=o
NameError: name 'o' is not defined
</i></pre>
<br /> --- Expected output (text)---
<br /><pre><i> '1'
</i></pre>
<br /><b>Summary of tests</b><br /><pre><i>+------------------------------+
|  4 tests run/ 0 tests passed |
+------------------------------+
</i></pre>
<br /><br />";