-Failed tests
Test 1: Teste 1
Test 2: Teste 2
Test 3: Teste 4
-Test 1: Teste 1 (-13.333)
Incorrect program result
 --- Input ---
> 3
>1
>2
>1

 --- Program output ---
>Digite a quantidade de elementos da lista:digite O elementos da lista:digite O elementos da lista:digite O elementos da lista:Traceback (most recent call last):
>  File "pico.py", line 22, in <module>
>    if pico(a):
>  File "pico.py", line 10, in pico
>    m=pmax(b)
>NameError: name 'pmax' is not defined

 --- Expected output (text)---
> 'S'

-Test 2: Teste 2 (-13.333)
Incorrect program result
 --- Input ---
> 7
>1
>2
>1
>2
>1
>2
>1

 --- Program output ---
>Digite a quantidade de elementos da lista:digite O elementos da lista:digite O elementos da lista:digite O elementos da lista:digite O elementos da lista:digite O elementos da lista:digite O elementos da lista:digite O elementos da lista:Traceback (most recent call last):
>  File "pico.py", line 22, in <module>
>    if pico(a):
>  File "pico.py", line 10, in pico
>    m=pmax(b)
>NameError: name 'pmax' is not defined

 --- Expected output (text)---
> 'N'

-Test 3: Teste 4 (-13.333)
Incorrect program result
 --- Input ---
> 7
>2
>5
>10
>46
>25
>12
>7

 --- Program output ---
>Digite a quantidade de elementos da lista:digite O elementos da lista:digite O elementos da lista:digite O elementos da lista:digite O elementos da lista:digite O elementos da lista:digite O elementos da lista:digite O elementos da lista:Traceback (most recent call last):
>  File "pico.py", line 22, in <module>
>    if pico(a):
>  File "pico.py", line 10, in pico
>    m=pmax(b)
>NameError: name 'pmax' is not defined

 --- Expected output (text)---
> 'S'

-Summary of tests
>+------------------------------+
>|  3 tests run/ 0 tests passed |
>+------------------------------+

