-Failed tests
Test 1: Teste 1
Test 2: Teste 2
Test 3: Teste 3
-Test 1: Teste 1 (-3.333)
Incorrect program result
 --- Input ---
> 3
>8
>0
>7
>4
>5
>6
>3
>10
>2

 --- Program output ---
>Digite a dimensão da matriz: Digite o elemento da linha 0e coluna 0: Digite o elemento da linha 0e coluna 1: Digite o elemento da linha 0e coluna 2: Digite o elemento da linha 1e coluna 0: Digite o elemento da linha 1e coluna 1: Digite o elemento da linha 1e coluna 2: Digite o elemento da linha 2e coluna 0: Digite o elemento da linha 2e coluna 1: Digite o elemento da linha 2e coluna 2: Traceback (most recent call last):
>  File "matriz2.py", line 28, in <module>
>    somaDPrincipal+=m[i][í]
>NameError: name 'í' is not defined

 --- Expected output (text)---
> 'S'

-Test 2: Teste 2 (-3.333)
Incorrect program result
 --- Input ---
> 2
>1
>1
>1
>1

 --- Program output ---
>Digite a dimensão da matriz: Digite o elemento da linha 0e coluna 0: Digite o elemento da linha 0e coluna 1: Digite o elemento da linha 1e coluna 0: Digite o elemento da linha 1e coluna 1:

 --- Expected output (text)---
> 'S'

-Test 3: Teste 3 (-3.333)
Incorrect program result
 --- Input ---
> 2
>1
>2
>5
>8

 --- Program output ---
>Digite a dimensão da matriz: Digite o elemento da linha 0e coluna 0: Digite o elemento da linha 0e coluna 1: Digite o elemento da linha 1e coluna 0: Digite o elemento da linha 1e coluna 1: Traceback (most recent call last):
>  File "matriz2.py", line 28, in <module>
>    somaDPrincipal+=m[i][í]
>NameError: name 'í' is not defined

 --- Expected output (text)---
> 'N'

-Summary of tests
>+------------------------------+
>|  3 tests run/ 0 tests passed |
>+------------------------------+

