Testing 1/3 : Teste 1
Testing 2/3 : Teste 2
Testing 3/3 : Teste 3

<|--
-Failed tests
Test 1: Teste 1
Test 2: Teste 2
Test 3: Teste 3
--|>

<|--
-Test 1: Teste 1 (-6.667)
Incorrect program result
 --- Input ---
> 6
>3
>3
>4
>1
>3
>8
>4
>5
>9
>2
>8
>9
>2
>7
>5
>5
>4
>3
>2
>5
>8
>2
>9
>1
>9
>8
>7
>1
>3
>2
>1
>2
>5
>1
>2
>9
>3
>8

 --- Program output ---
>Digite a dimensao da matriz:Digite o elemento da matriz:Digite o elemento da matriz:Digite o elemento da matriz:Digite o elemento da matriz:Digite o elemento da matriz:Digite o elemento da matriz:Digite o elemento da matriz:Digite o elemento da matriz:Digite o elemento da matriz:Digite o elemento da matriz:Digite o elemento da matriz:Digite o elemento da matriz:Digite o elemento da matriz:Digite o elemento da matriz:Digite o elemento da matriz:Digite o elemento da matriz:Digite o elemento da matriz:Digite o elemento da matriz:Digite o elemento da matriz:Digite o elemento da matriz:Digite o elemento da matriz:Digite o elemento da matriz:Digite o elemento da matriz:Digite o elemento da matriz:Digite o elemento da matriz:Digite o elemento da matriz:Digite o elemento da matriz:Digite o elemento da matriz:Digite o elemento da matriz:Digite o elemento da matriz:Digite o elemento da matriz:Digite o elemento da matriz:Digite o elemento da matriz:Digite o elemento da matriz:Digite o elemento da matriz:Digite o elemento da matriz:Digite a linha:Digite a coluna:Traceback (most recent call last):
>  File "av2_p3_civil.py", line 26, in <module>
>    print (somalinha(a,indice_linha) + somacoluna(a,indice_coluna)- (2*a[indice_linha,indice_coluna]))
>  File "av2_p3_civil.py", line 23, in somacoluna
>    soma = soma + matriz [i,indice_coluna]
>IndexError: index 8 is out of bounds for axis 1 with size 6

 --- Expected output (regular expression)---
>67.*

-Test 2: Teste 2 (-6.667)
Incorrect program result
 --- Input ---
> 3
>0
>0
>4
>2
>9
>1
>5
>5
>2
>2
>7

 --- Program output ---
>Digite a dimensao da matriz:Digite o elemento da matriz:Digite o elemento da matriz:Digite o elemento da matriz:Digite o elemento da matriz:Digite o elemento da matriz:Digite o elemento da matriz:Digite o elemento da matriz:Digite o elemento da matriz:Digite o elemento da matriz:Digite a linha:Digite a coluna:Traceback (most recent call last):
>  File "av2_p3_civil.py", line 26, in <module>
>    print (somalinha(a,indice_linha) + somacoluna(a,indice_coluna)- (2*a[indice_linha,indice_coluna]))
>  File "av2_p3_civil.py", line 23, in somacoluna
>    soma = soma + matriz [i,indice_coluna]
>IndexError: index 7 is out of bounds for axis 1 with size 3

 --- Expected output (regular expression)---
>14.*

-Test 3: Teste 3 (-6.667)
Incorrect program result
 --- Input ---
> 3
>2
>0
>5
>1
>1
>5
>2
>1
>8
>5
>5

 --- Program output ---
>Digite a dimensao da matriz:Digite o elemento da matriz:Digite o elemento da matriz:Digite o elemento da matriz:Digite o elemento da matriz:Digite o elemento da matriz:Digite o elemento da matriz:Digite o elemento da matriz:Digite o elemento da matriz:Digite o elemento da matriz:Digite a linha:Digite a coluna:Traceback (most recent call last):
>  File "av2_p3_civil.py", line 26, in <module>
>    print (somalinha(a,indice_linha) + somacoluna(a,indice_coluna)- (2*a[indice_linha,indice_coluna]))
>  File "av2_p3_civil.py", line 17, in somalinha
>    soma = soma + matriz[indice_linha,j]
>IndexError: index 5 is out of bounds for axis 0 with size 3

 --- Expected output (regular expression)---
>20.*

--|>

<|--
-Summary of tests
>+------------------------------+
>|  3 tests run/ 0 tests passed |
>+------------------------------+

--|>

Grade :=>> 0
