-Failed tests
Test 1: Teste 1
Test 2: Teste 2
-Test 1: Teste 1 (-10.000)
Incorrect program result
 --- Input ---
> 15

 --- Program output ---
>digite o valor:Traceback (most recent call last):
>  File "al6.py", line 4, in <module>
>    while i<n:
>NameError: name 'n' is not defined

 --- Expected output (text)---
> '3
>5
>NÃƒO PRIMO'

-Test 2: Teste 2 (-10.000)
Incorrect program result
 --- Input ---
> 19

 --- Program output ---
>digite o valor:Traceback (most recent call last):
>  File "al6.py", line 4, in <module>
>    while i<n:
>NameError: name 'n' is not defined

 --- Expected output (regular expression)---
>PRIMO.*

-Summary of tests
>+------------------------------+
>|  2 tests run/ 0 tests passed |
>+------------------------------+

