-Failed tests
Test 1: Teste 1
Test 2: Teste 2
-Test 1: Teste 1 (-10.000)
Incorrect program result
 --- Input ---
> 28

 --- Program output ---
>digite o valor:Traceback (most recent call last):
>  File "al7.py", line 7, in <module>
>    if soma==n:
>NameError: name 'n' is not defined

 --- Expected output (text)---
> '1
>2
>4
>7
>14
>PERFEITO'

-Test 2: Teste 2 (-10.000)
Incorrect program result
 --- Input ---
> 20

 --- Program output ---
>digite o valor:Traceback (most recent call last):
>  File "al7.py", line 7, in <module>
>    if soma==n:
>NameError: name 'n' is not defined

 --- Expected output (text)---
> '1
>2
>4
>5
>10
>NÃƒO PERFEITO'

-Summary of tests
>+------------------------------+
>|  2 tests run/ 0 tests passed |
>+------------------------------+

